This is XeTeX, Version 3.1415926-2.3-0.9997.5 (MiKTeX 2.9) (preloaded format=xelatex 2018.8.7)  17 MAY 2020 14:15
entering extended mode
**bible.tex
(E:\3.Workspace\Latex\外经\巴录二书\2B\bible.tex
LaTeX2e <2011/06/27>
Babel <v3.8m> and hyphenation patterns for loaded.
(E:\3.Workspace\Latex\外经\巴录二书\2B\bible.cls
(C:\CTEX\MiKTeX\tex\latex\l3kernel\expl3.sty
(C:\CTEX\MiKTeX\tex\latex\l3kernel\l3names.sty
(C:\CTEX\MiKTeX\tex\latex\l3kernel\l3bootstrap.sty
Package: l3bootstrap 2011/12/29 v3110 L3 Experimental bootstrap code
)
Package: l3names 2011/12/30 v3113 L3 Experimental namespace for primitives
)
(C:\CTEX\MiKTeX\tex\latex\misc\etex.sty
Package: etex 1998/03/26 v2.0 eTeX basic definition package (PEB)
\et@xins=\count80
)
Package: expl3 2012/02/26 v3471 L3 Experimental code bundle wrapper

(C:\CTEX\MiKTeX\tex\latex\graphics\color.sty
Package: color 2005/11/14 v1.0j Standard LaTeX Color (DPC)

(C:\CTEX\MiKTeX\tex\latex\00miktex\color.cfg
File: color.cfg 2007/01/18 v1.5 color configuration of teTeX/TeXLive
)
Package color Info: Driver file: xetex.def on input line 130.

(C:\CTEX\MiKTeX\tex\xelatex\xetex-def\xetex.def
File: xetex.def 2009/11/22 v0.94 LaTeX color/graphics driver for XeTeX (RRM/JK)

))
(C:\CTEX\MiKTeX\tex\latex\graphics\graphics.sty
Package: graphics 2009/02/05 v1.0o Standard LaTeX Graphics (DPC,SPQR)

(C:\CTEX\MiKTeX\tex\latex\graphics\trig.sty
Package: trig 1999/03/16 v1.09 sin cos tan (DPC)
)
(C:\CTEX\MiKTeX\tex\latex\00miktex\graphics.cfg
File: graphics.cfg 2007/01/18 v1.5 graphics configuration of teTeX/TeXLive
)
Package graphics Info: Driver file: xetex.def on input line 91.
)
(C:\CTEX\MiKTeX\tex\latex\l3kernel\l3basics.sty
Package: l3basics 2012/02/26 v3460 L3 Experimental basic definitions
)
(C:\CTEX\MiKTeX\tex\latex\l3kernel\l3expan.sty
Package: l3expan 2012/02/26 v3460 L3 Experimental argument expansion
)
(C:\CTEX\MiKTeX\tex\latex\l3kernel\l3tl.sty
Package: l3tl 2012/02/26 v3460 L3 Experimental token lists
)
(C:\CTEX\MiKTeX\tex\latex\l3kernel\l3seq.sty
Package: l3seq 2012/01/09 v3158 L3 Experimental sequences and stacks
)
(C:\CTEX\MiKTeX\tex\latex\l3kernel\l3int.sty
Package: l3int 2012/02/26 v3460 L3 Experimental integers
\c_max_int=\count81
\l_tmpa_int=\count82
\l_tmpb_int=\count83
\l_tmpc_int=\count84
\g_tmpa_int=\count85
\g_tmpb_int=\count86
)
(C:\CTEX\MiKTeX\tex\latex\l3kernel\l3quark.sty
Package: l3quark 2012/02/12 v3384 L3 Experimental quarks
)
(C:\CTEX\MiKTeX\tex\latex\l3kernel\l3prg.sty
Package: l3prg 2012/02/26 v3464 L3 Experimental control structures
\g_prg_map_int=\count87
)
(C:\CTEX\MiKTeX\tex\latex\l3kernel\l3clist.sty
Package: l3clist 2012/02/26 v3460 L3 Experimental comma separated lists
)
(C:\CTEX\MiKTeX\tex\latex\l3kernel\l3token.sty
Package: l3token 2012/02/26 v3460 L3 Experimental token manipulation
)
(C:\CTEX\MiKTeX\tex\latex\l3kernel\l3prop.sty
Package: l3prop 2012/02/26 v3460 L3 Experimental property lists
)
(C:\CTEX\MiKTeX\tex\latex\l3kernel\l3msg.sty
Package: l3msg 2012/02/26 v3470 L3 Experimental messages
)
(C:\CTEX\MiKTeX\tex\latex\l3kernel\l3file.sty
Package: l3file 2012/02/26 v3464 L3 Experimental file and I/O operations
\l_iow_stream_int=\count88
\l_iow_line_length_int=\count89
\l_iow_target_length_int=\count90
\l_iow_current_line_int=\count91
\l_iow_current_word_int=\count92
\l_iow_current_indentation_int=\count93
)
(C:\CTEX\MiKTeX\tex\latex\l3kernel\l3skip.sty
Package: l3skip 2012/02/26 v3460 L3 Experimental dimensions and skips
\l_tmpa_dim=\dimen102
\l_tmpb_dim=\dimen103
\l_tmpc_dim=\dimen104
\g_tmpa_dim=\dimen105
\g_tmpb_dim=\dimen106
\l_tmpa_skip=\skip41
\l_tmpb_skip=\skip42
\l_tmpc_skip=\skip43
\g_tmpa_skip=\skip44
\g_tmpb_skip=\skip45
)
(C:\CTEX\MiKTeX\tex\latex\l3kernel\l3keys.sty
Package: l3keys 2011/12/22 v3086 L3 Experimental key-value interfaces
\g_keyval_level_int=\count94
\l_keys_choice_int=\count95
)
(C:\CTEX\MiKTeX\tex\latex\l3kernel\l3fp.sty
Package: l3fp 2012/02/06 v3315 L3 Experimental floating-point operations
\c_one_hundred_million=\count96
\c_five_hundred_million=\count97
\c_one_thousand_million=\count98
\c_fp_pi_by_four_decimal_int=\count99
\c_fp_pi_by_four_extended_int=\count100
\c_fp_pi_decimal_int=\count101
\c_fp_pi_extended_int=\count102
\c_fp_two_pi_decimal_int=\count103
\c_fp_two_pi_extended_int=\count104
\l_fp_count_int=\count105
\l_fp_div_offset_int=\count106
\l_fp_exp_integer_int=\count107
\l_fp_exp_decimal_int=\count108
\l_fp_exp_extended_int=\count109
\l_fp_exp_exponent_int=\count110
\l_fp_input_a_sign_int=\count111
\l_fp_input_a_integer_int=\count112
\l_fp_input_a_decimal_int=\count113
\l_fp_input_a_exponent_int=\count114
\l_fp_input_b_sign_int=\count115
\l_fp_input_b_integer_int=\count116
\l_fp_input_b_decimal_int=\count117
\l_fp_input_b_exponent_int=\count118
\l_fp_input_a_extended_int=\count119
\l_fp_input_b_extended_int=\count120
\l_fp_mul_a_i_int=\count121
\l_fp_mul_a_ii_int=\count122
\l_fp_mul_a_iii_int=\count123
\l_fp_mul_a_iv_int=\count124
\l_fp_mul_a_v_int=\count125
\l_fp_mul_a_vi_int=\count126
\l_fp_mul_b_i_int=\count127
\l_fp_mul_b_ii_int=\count128
\l_fp_mul_b_iii_int=\count129
\l_fp_mul_b_iv_int=\count130
\l_fp_mul_b_v_int=\count131
\l_fp_mul_b_vi_int=\count132
\l_fp_mul_output_int=\count133
\l_fp_output_sign_int=\count134
\l_fp_output_integer_int=\count135
\l_fp_output_decimal_int=\count136
\l_fp_output_exponent_int=\count137
\l_fp_output_extended_int=\count138
\l_fp_round_position_int=\count139
\l_fp_round_target_int=\count140
\l_fp_split_sign_int=\count141
\l_fp_internal_int=\count142
\l_fp_trig_octant_int=\count143
\l_fp_trig_sign_int=\count144
\l_fp_trig_decimal_int=\count145
\l_fp_trig_extended_int=\count146
\l_fp_internal_dim=\dimen107
\l_fp_internal_skip=\skip46
)
(C:\CTEX\MiKTeX\tex\latex\l3kernel\l3box.sty
Package: l3box 2012/02/18 v3432 L3 Experimental boxes
\l_tmpb_box=\box26
\l_box_top_dim=\dimen108
\l_box_bottom_dim=\dimen109
\l_box_left_dim=\dimen110
\l_box_right_dim=\dimen111
\l_box_top_new_dim=\dimen112
\l_box_bottom_new_dim=\dimen113
\l_box_left_new_dim=\dimen114
\l_box_right_new_dim=\dimen115
\l_box_internal_box=\box27
)
(C:\CTEX\MiKTeX\tex\latex\l3kernel\l3coffins.sty
Package: l3coffins 2012/02/26 v3460 L3 Experimental coffin code layer
\l_coffin_internal_box=\box28
\l_coffin_internal_dim=\dimen116
\l_coffin_offset_x_dim=\dimen117
\l_coffin_offset_y_dim=\dimen118
\l_coffin_x_dim=\dimen119
\l_coffin_y_dim=\dimen120
\l_coffin_x_prime_dim=\dimen121
\l_coffin_y_prime_dim=\dimen122
\l_coffin_Depth_dim=\dimen123
\l_coffin_Height_dim=\dimen124
\l_coffin_TotalHeight_dim=\dimen125
\l_coffin_Width_dim=\dimen126
\c_empty_coffin=\box29
\l_coffin_aligned_coffin=\box30
\l_coffin_aligned_internal_coffin=\box31
\l_coffin_bounding_shift_dim=\dimen127
\l_coffin_left_corner_dim=\dimen128
\l_coffin_right_corner_dim=\dimen129
\l_coffin_bottom_corner_dim=\dimen130
\l_coffin_top_corner_dim=\dimen131
\l_coffin_scaled_total_height_dim=\dimen132
\l_coffin_scaled_width_dim=\dimen133
\l_coffin_display_coffin=\box32
\l_coffin_display_coord_coffin=\box33
\l_coffin_display_pole_coffin=\box34
\l_coffin_display_offset_dim=\dimen134
\l_coffin_display_x_dim=\dimen135
\l_coffin_display_y_dim=\dimen136
)
(C:\CTEX\MiKTeX\tex\latex\l3kernel\l3color.sty
Package: l3color 2011/09/07 v2776 L3 Experimental colour support
)
(C:\CTEX\MiKTeX\tex\latex\l3kernel\l3luatex.sty
Package: l3luatex 2012/02/09 v3355 L3 Experimental LuaTeX-specific functions
\g_cctab_allocate_int=\count147
\g_cctab_stack_int=\count148
))
Document Class: bible 2013/07/14 v1.0 Typesetting bibles
(C:\CTEX\MiKTeX\tex\latex\l3packages\xparse\xparse.sty
Package: xparse 2012/02/26 v3471 L3 Experimental document command parser
\l_xparse_current_arg_int=\count149
\l_xparse_m_args_int=\count150
\l_xparse_mandatory_args_int=\count151
\l_xparse_processor_int=\count152
\l_xparse_v_nesting_int=\count153
)
(C:\CTEX\MiKTeX\tex\latex\memoir\memoir.cls
Document Class: memoir 2011/03/06 v3.6j configurable book, report, article docu
ment class
\onelineskip=\skip47
\lxvchars=\skip48
\xlvchars=\skip49
\@memcnta=\count154
\c@@memmarkcntra=\count155
\l@nohyphenation=\language1
(C:\CTEX\MiKTeX\tex\generic\oberdiek\ifpdf.sty
Package: ifpdf 2011/01/30 v2.3 Provides the ifpdf switch (HO)
Package ifpdf Info: pdfTeX in PDF mode is not detected.
)
(C:\CTEX\MiKTeX\tex\latex\ifetex\ifetex.sty
Package: ifetex 2011/12/15 v1.2 ifetex

(C:\CTEX\MiKTeX\tex\plain\ifetex\ifetex.tex))
(C:\CTEX\MiKTeX\tex\generic\ifxetex\ifxetex.sty
Package: ifxetex 2010/09/12 v0.6 Provides ifxetex conditional
)
(C:\CTEX\MiKTeX\tex\generic\oberdiek\ifluatex.sty
Package: ifluatex 2010/03/01 v1.3 Provides the ifluatex switch (HO)
Package ifluatex Info: LuaTeX not detected.
)
\stockheight=\skip50
\stockwidth=\skip51
\trimtop=\skip52
\trimedge=\skip53

(C:\CTEX\MiKTeX\tex\latex\memoir\mem10.clo
File: mem10.clo 2008/01/30 v0.3 memoir class 10pt size option
)
\binding=\skip54
\spinemargin=\skip55
\foremargin=\skip56
\uppermargin=\skip57
\lowermargin=\skip58
\headdrop=\skip59
\normalrulethickness=\skip60
\mem@maxheadheight=\skip61
\mem@maxfootheight=\skip62
\headwidth=\skip63
\c@storedpagenumber=\count156
\memPD=\dimen137
\m@mabparskip=\skip64
\thanksmarkwidth=\skip65
\thanksmarksep=\skip66
\droptitle=\skip67
\c@book=\count157
\c@part=\count158
\c@chapter=\count159
\c@section=\count160
\c@subsection=\count161
\c@subsubsection=\count162
\c@paragraph=\count163
\c@subparagraph=\count164
\beforechapskip=\skip68
\midchapskip=\skip69
\afterchapskip=\skip70
\chapindent=\skip71
\bottomsectionskip=\skip72
\secindent=\skip73
\beforesecskip=\skip74
\aftersecskip=\skip75
\subsecindent=\skip76
\beforesubsecskip=\skip77
\aftersubsecskip=\skip78
\subsubsecindent=\skip79
\beforesubsubsecskip=\skip80
\aftersubsubsecskip=\skip81
\paraindent=\skip82
\beforeparaskip=\skip83
\afterparaskip=\skip84
\subparaindent=\skip85
\beforesubparaskip=\skip86
\aftersubparaskip=\skip87
\pfbreakskip=\skip88
\c@@ppsavesec=\count165
\c@@ppsaveapp=\count166
\ragrparindent=\dimen138
\everylistparindent=\dimen139
\parsepi=\skip89
\topsepi=\skip90
\itemsepi=\skip91
\parsepii=\skip92
\topsepii=\skip93
\topsepiii=\skip94
\itemsepii=\skip95
\itemsepiii=\skip96
\partopsepii=\skip97
\partopsepiii=\skip98
\m@msavetopsep=\skip99
\m@msavepartopsep=\skip100
\@enLab=\toks14
\abstitleskip=\skip101
\absleftindent=\skip102
\abs@leftindent=\dimen140
\absrightindent=\skip103
\absparindent=\skip104
\absparsep=\skip105
\c@vslineno=\count167
\c@poemline=\count168
\c@modulo@vs=\count169
\c@memfvsline=\count170
\vleftskip=\skip106
\vrightskip=\skip107
\stanzaskip=\skip108
\versewidth=\skip109
\vgap=\skip110
\vindent=\skip111
\vleftmargin=\dimen141
\c@verse=\count171
\c@chrsinstr=\count172
\beforepoemtitleskip=\skip112
\afterpoemtitleskip=\skip113
\c@poem=\count173
\beforePoemTitleskip=\skip114
\midPoemTitleskip=\skip115
\afterPoemTitleskip=\skip116
\col@sep=\dimen142
\extrarowheight=\dimen143
\NC@list=\toks15
\extratabsurround=\skip117
\backup@length=\skip118
\TX@col@width=\dimen144
\TX@old@table=\dimen145
\TX@old@col=\dimen146
\TX@target=\dimen147
\TX@delta=\dimen148
\TX@cols=\count174
\TX@ftn=\toks16
\heavyrulewidth=\dimen149
\lightrulewidth=\dimen150
\cmidrulewidth=\dimen151
\belowrulesep=\dimen152
\belowbottomsep=\dimen153
\aboverulesep=\dimen154
\abovetopsep=\dimen155
\cmidrulesep=\dimen156
\cmidrulekern=\dimen157
\defaultaddspace=\dimen158
\@cmidla=\count175
\@cmidlb=\count176
\@aboverulesep=\dimen159
\@belowrulesep=\dimen160
\@thisruleclass=\count177
\@lastruleclass=\count178
\@thisrulewidth=\dimen161
\ctableftskip=\skip119
\ctabrightskip=\skip120
\abovecolumnspenalty=\count179
\@linestogo=\count180
\@cellstogo=\count181
\@cellsincolumn=\count182
\crtok=\toks17
\@mincolumnwidth=\dimen162
\c@newflo@tctr=\count183
\mem@margin@floatbox=\box35
\@contcwidth=\skip121
\@contindw=\skip122
\abovecaptionskip=\skip123
\belowcaptionskip=\skip124
\subfloattopskip=\skip125
\subfloatcapskip=\skip126
\subfloatcaptopadj=\skip127
\subfloatbottomskip=\skip128
\subfloatlabelskip=\skip129
\subfloatcapmargin=\dimen163
\c@@contsubnum=\count184
\m@mscap@capbox=\box36
\m@mscap@fbox=\box37
\sidecapsep=\dimen164
\sidecapwidth=\dimen165
\m@m@tempdima=\dimen166
\m@mscapraise=\dimen167
\sidecapraise=\dimen168
\m@mscapmainwidth=\dimen169
\m@mscaplkern=\dimen170
\beforeepigraphskip=\skip130
\afterepigraphskip=\skip131
\epigraphwidth=\skip132
\epigraphrule=\skip133
LaTeX Info: Redefining \em on input line 7377.
LaTeX Info: Redefining \emph on input line 7385.
\tocentryskip=\skip134
\tocbaseline=\skip135
\cftparskip=\skip136
\cftbeforebookskip=\skip137
\cftbookindent=\dimen171
\cftbooknumwidth=\dimen172
\cftbeforepartskip=\skip138
\cftpartindent=\skip139
\cftpartnumwidth=\skip140
\cftbeforechapterskip=\skip141
\cftchapterindent=\skip142
\cftchapternumwidth=\skip143
\cftbeforesectionskip=\skip144
\cftsectionindent=\skip145
\cftsectionnumwidth=\skip146
\cftbeforesubsectionskip=\skip147
\cftsubsectionindent=\skip148
\cftsubsectionnumwidth=\skip149
\cftbeforesubsubsectionskip=\skip150
\cftsubsubsectionindent=\skip151
\cftsubsubsectionnumwidth=\skip152
\cftbeforeparagraphskip=\skip153
\cftparagraphindent=\skip154
\cftparagraphnumwidth=\skip155
\cftbeforesubparagraphskip=\skip156
\cftsubparagraphindent=\skip157
\cftsubparagraphnumwidth=\skip158
\prechapterprecisshift=\dimen173
\c@maxsecnumdepth=\count185
\bibindent=\dimen174
\bibitemsep=\skip159
\indexcolsep=\skip160
\indexrule=\skip161
\indexmarkstyle=\toks18
\@indexbox=\insert233
\glossarycolsep=\dimen175
\glossaryrule=\dimen176
\sideparvshift=\skip162
\sideins=\insert232
\sidebartopsep=\skip163
\sidebarhsep=\skip164
\sidebarvsep=\skip165
\sidebarwidth=\skip166
\footmarkwidth=\skip167
\footmarksep=\skip168
\footparindent=\skip169
\footinsdim=\skip170
\footinsv@r=\insert231
\@mpfootinsv@r=\insert230
\m@m@k=\count186
\m@m@h=\dimen177
\m@mipn@skip=\skip171
Requested font "cmr8" at 8.0pt
 -> cmr8
\sidefootins=\insert229
\sidefootadjust=\skip172
\sidefootheight=\skip173
\sidefoothsep=\skip174
\sidefootvsep=\skip175
\sidefootwidth=\skip176
\m@mdownsf=\skip177
\c@sidefootnote=\count187
\sidefootmarkwidth=\skip178
\sidefootmarksep=\skip179
\sidefootparindent=\skip180
\c@pagenote=\count188
\c@pagenoteshadow=\count189
\mem@pn@lastkern=\skip181
\every@verbatim=\toks19
\afterevery@verbatim=\toks20
\verbatim@line=\toks21
\tab@position=\count190
\verbatim@in@stream=\read1
\verbatimindent=\skip182
\verbatim@out=\write3
\bvboxsep=\skip183
\c@memfbvline=\count191
\c@bvlinectr=\count192
\bvnumlength=\skip184
\fb@frw=\dimen178
\fb@frh=\dimen179
\FrameRule=\dimen180
\FrameSep=\dimen181
\c@cp@cntr=\count193
LaTeX Info: Redefining \: on input line 11807.
LaTeX Info: Redefining \! on input line 11809.
\c@ism@mctr=\count194
\c@xsm@mctr=\count195
\c@csm@mctr=\count196
\c@ksm@mctr=\count197
\c@xksm@mctr=\count198
\c@cksm@mctr=\count199
\c@msm@mctr=\count200
\c@xmsm@mctr=\count201
Normal \count register pool exhausted, switching to extended pool.
\c@cmsm@mctr=\count277
\c@bsm@mctr=\count278
\c@workm@mctr=\count279
\c@sheetsequence=\count280
\c@lastsheet=\count281
\c@lastpage=\count282
Requested font "cmr9" at 9.0pt
 -> cmr9
\c@figure=\count283
\c@lofdepth=\count284
\cftbeforefigureskip=\skip185
\cftfigureindent=\skip186
\cftfigurenumwidth=\skip187
\c@table=\count285
\c@lotdepth=\count286
\cftbeforetableskip=\skip188
\cfttableindent=\skip189
\cfttablenumwidth=\skip190
Package abstract [2008/07/23] emulated by memoir.
Package appendix [2008/07/23] emulated by memoir.
Package array [2008/07/23] emulated by memoir.
Package booktabs [2008/07/23] emulated by memoir.
Package ccaption [2008/07/23] emulated by memoir.
Package changepage [2008/07/23] emulated by memoir.
Package chngcntr [2008/07/23] emulated by memoir.
Package chngpage [2008/07/23] emulated by memoir.
Package crop emulated by memoir.
Package dcolumn [2008/07/23] emulated by memoir.
Package delarray [2008/07/23] emulated by memoir.
Package enumerate [2008/07/23] emulated by memoir.
Package epigraph [2008/07/23] emulated by memoir.
Package ifmtarg [2008/07/23] emulated by memoir.
Package index [2008/07/23] emulated by memoir.
Package makeidx [2008/07/23] emulated by memoir.
Package moreverb [2008/07/23] emulated by memoir.
Package mparhack [2008/07/23] emulated by memoir.
Package needspace [2008/07/23] emulated by memoir.
Package newfile [2008/07/23] emulated by memoir.
Package nextpage [2008/07/23] emulated by memoir.
Package pagenote [2008/07/23] emulated by memoir.
Package parskip [2008/07/23] emulated by memoir.
Package patchcmd [2008/07/23] emulated by memoir.
Package setspace [2008/07/23] emulated by memoir.
Package shortvrb [2008/07/23] emulated by memoir.
Package showidx [2008/07/23] emulated by memoir.
Package tabularx [2008/07/23] emulated by memoir.
Package titleref [2008/07/23] emulated by memoir.
Package titling [2008/07/23] emulated by memoir.
Package tocbibind [2008/07/23] emulated by memoir.
Package tocloft [2008/07/23] emulated by memoir.
Package tocvsec2 [2008/07/23] emulated by memoir.
Package verbatim [2008/07/23] emulated by memoir.
Package verse [2008/07/23] emulated by memoir.

(C:\CTEX\MiKTeX\tex\latex\memoir\mempatch.sty
Package: mempatch 2009/07/24 v6.0f Patches for memoir class v1.6180339
))
(C:\CTEX\MiKTeX\tex\latex\geometry\geometry.sty
Package: geometry 2010/09/12 v5.6 Page Geometry

(C:\CTEX\MiKTeX\tex\latex\graphics\keyval.sty
Package: keyval 1999/03/16 v1.13 key=value parser (DPC)
\KV@toks@=\toks22
)
(C:\CTEX\MiKTeX\tex\generic\oberdiek\ifvtex.sty
Package: ifvtex 2010/03/01 v1.5 Switches for detecting VTeX and its modes (HO)
Package ifvtex Info: VTeX not detected.
)
\Gm@cnth=\count287
\Gm@cntv=\count288
\c@Gm@tempcnt=\count289
\Gm@bindingoffset=\dimen182
\Gm@wd@mp=\dimen183
\Gm@odd@mp=\dimen184
\Gm@even@mp=\dimen185
\Gm@layoutwidth=\dimen186
\Gm@layoutheight=\dimen187
\Gm@layouthoffset=\dimen188
\Gm@layoutvoffset=\dimen189
\Gm@dimlist=\toks23

(C:\CTEX\MiKTeX\tex\xelatex\xetexconfig\geometry.cfg))
(C:\CTEX\MiKTeX\tex\latex\fancyhdr\fancyhdr.sty
\fancy@headwidth=\skip191
\f@ncyO@elh=\skip192
\f@ncyO@erh=\skip193
\f@ncyO@olh=\skip194
\f@ncyO@orh=\skip195
\f@ncyO@elf=\skip196
\f@ncyO@erf=\skip197
\f@ncyO@olf=\skip198
\f@ncyO@orf=\skip199
)
(C:\CTEX\MiKTeX\tex\latex\tools\xspace.sty
Package: xspace 2009/10/20 v1.13 Space after command names (DPC,MH)
)
(C:\CTEX\MiKTeX\tex\latex\csquotes\csquotes.sty
Package: csquotes 2011/10/22 v5.1d context-sensitive quotations

(C:\CTEX\MiKTeX\tex\latex\etoolbox\etoolbox.sty
Package: etoolbox 2011/01/03 v2.1 e-TeX tools for LaTeX
\etb@tempcnta=\count290
)
\csq@reset=\count291
\csq@gtype=\count292
\csq@glevel=\count293
\csq@qlevel=\count294
\csq@maxlvl=\count295
\csq@tshold=\count296
\csq@ltx@everypar=\toks24

(C:\CTEX\MiKTeX\tex\latex\csquotes\csquotes.def
File: csquotes.def 2011/10/22 v5.1d csquotes generic definitions
)
Package csquotes Info: Trying to load configuration file 'csquotes.cfg'...
Package csquotes Info: ... configuration file loaded successfully.

(C:\CTEX\MiKTeX\tex\latex\csquotes\csquotes.cfg
File: csquotes.cfg 
))
(C:\CTEX\MiKTeX\tex\latex\hyperref\hyperref.sty
Package: hyperref 2012/02/06 v6.82o Hypertext links for LaTeX

(C:\CTEX\MiKTeX\tex\generic\oberdiek\hobsub-hyperref.sty
Package: hobsub-hyperref 2011/04/23 v1.4 Bundle oberdiek, subset hyperref (HO)

(C:\CTEX\MiKTeX\tex\generic\oberdiek\hobsub-generic.sty
Package: hobsub-generic 2011/04/23 v1.4 Bundle oberdiek, subset generic (HO)
Package: hobsub 2011/04/23 v1.4 Subsetting bundle oberdiek (HO)
Package: infwarerr 2010/04/08 v1.3 Providing info/warning/message (HO)
Package: ltxcmds 2011/04/18 v1.20 LaTeX kernel commands for general use (HO)
Package hobsub Info: Skipping package `ifluatex' (already loaded).
Package hobsub Info: Skipping package `ifvtex' (already loaded).
Package: intcalc 2007/09/27 v1.1 Expandable integer calculations (HO)
Package hobsub Info: Skipping package `ifpdf' (already loaded).
Package: etexcmds 2011/02/16 v1.5 Prefix for e-TeX command names (HO)
Package etexcmds Info: Could not find \expanded.
(etexcmds)             That can mean that you are not using pdfTeX 1.50 or
(etexcmds)             that some package has redefined \expanded.
(etexcmds)             In the latter case, load this package earlier.
Package: kvsetkeys 2011/04/07 v1.13 Key value parser (HO)
Package: kvdefinekeys 2011/04/07 v1.3 Defining keys (HO)
Package: pdftexcmds 2011/04/22 v0.16 Utilities of pdfTeX for LuaTeX (HO)
Package pdftexcmds Info: LuaTeX not detected.
Package pdftexcmds Info: pdfTeX >= 1.30 not detected.
Package pdftexcmds Info: \pdf@primitive is available.
Package pdftexcmds Info: \pdf@ifprimitive is available.
Package pdftexcmds Info: \pdfdraftmode not found.
Package: pdfescape 2011/04/04 v1.12 Provides string conversions (HO)
Package: bigintcalc 2011/01/30 v1.2 Expandable big integer calculations (HO)
Package: bitset 2011/01/30 v1.1 Data type bit set (HO)
Package: uniquecounter 2011/01/30 v1.2 Provides unlimited unique counter (HO)
)
Package hobsub Info: Skipping package `hobsub' (already loaded).
Package: letltxmacro 2010/09/02 v1.4 Let assignment for LaTeX macros (HO)
Package: hopatch 2011/01/30 v1.0 Wrapper for package hooks (HO)
Package: xcolor-patch 2011/01/30 xcolor patch
Package: atveryend 2011/04/23 v1.7 Hooks at very end of document (HO)
Package: atbegshi 2011/01/30 v1.15 At begin shipout hook (HO)
Package: refcount 2010/12/01 v3.2 Data extraction from references (HO)
Package: hycolor 2011/01/30 v1.7 Color options of hyperref/bookmark (HO)
)
(C:\CTEX\MiKTeX\tex\latex\oberdiek\kvoptions.sty
Package: kvoptions 2010/12/23 v3.10 Keyval support for LaTeX options (HO)
)
\@linkdim=\dimen190
\Hy@linkcounter=\count297
\Hy@pagecounter=\count298

(C:\CTEX\MiKTeX\tex\latex\hyperref\pd1enc.def
File: pd1enc.def 2012/02/06 v6.82o Hyperref: PDFDocEncoding definition (HO)
)
\Hy@SavedSpaceFactor=\count299

(C:\CTEX\MiKTeX\tex\latex\00miktex\hyperref.cfg
File: hyperref.cfg 2002/06/06 v1.2 hyperref configuration of TeXLive
)
Package hyperref Info: Hyper figures OFF on input line 4046.
Package hyperref Info: Link nesting OFF on input line 4051.
Package hyperref Info: Hyper index ON on input line 4054.
Package hyperref Info: Plain pages OFF on input line 4061.
Package hyperref Info: Backreferencing OFF on input line 4066.
Package hyperref Info: Implicit mode ON; LaTeX internals redefined.
Package hyperref Info: Bookmarks ON on input line 4284.
\c@Hy@tempcnt=\count300

(C:\CTEX\MiKTeX\tex\xelatex\xetexurl\url.sty
\Urlmuskip=\muskip10
Package: url 2004/03/15  ver 3.1  Verb mode for urls, etc.
)
LaTeX Info: Redefining \url on input line 4637.
\Fld@menulength=\count301
\Field@Width=\dimen191
\Fld@charsize=\dimen192
Package hyperref Info: Hyper figures OFF on input line 5757.
Package hyperref Info: Link nesting OFF on input line 5762.
Package hyperref Info: Hyper index ON on input line 5765.
Package hyperref Info: backreferencing OFF on input line 5772.
Package hyperref Info: Link coloring OFF on input line 5777.
Package hyperref Info: Link coloring with OCG OFF on input line 5782.
Package hyperref Info: PDF/A mode OFF on input line 5787.
LaTeX Info: Redefining \ref on input line 5827.
LaTeX Info: Redefining \pageref on input line 5831.
\Hy@abspage=\count302
\c@Item=\count303
\c@Hfootnote=\count304
)
(C:\CTEX\MiKTeX\tex\latex\memoir\memhfixc.sty
Package: memhfixc 2010/08/17 v1.15 nameref/hyperref package fixes for memoir cl
ass
\c@memhycontfloat=\count305
)

Package hyperref Message: Driver (autodetected): hxetex.

(C:\CTEX\MiKTeX\tex\latex\hyperref\hxetex.def
File: hxetex.def 2012/02/06 v6.82o Hyperref driver for XeTeX

(C:\CTEX\MiKTeX\tex\latex\hyperref\puenc.def
File: puenc.def 2012/02/06 v6.82o Hyperref: PDF Unicode definition (HO)
)
(C:\CTEX\MiKTeX\tex\generic\oberdiek\stringenc.sty
Package: stringenc 2010/03/01 v1.8 Converts strings between encodings (HO)
)
\pdfm@box=\box38
\c@Hy@AnnotLevel=\count306
\HyField@AnnotCount=\count307
\Fld@listcount=\count308
\c@bookmark@seq@number=\count309

(C:\CTEX\MiKTeX\tex\latex\oberdiek\rerunfilecheck.sty
Package: rerunfilecheck 2011/04/15 v1.7 Rerun checks for auxiliary files (HO)
Package rerunfilecheck Info: Feature \pdfmdfivesum is not available
(rerunfilecheck)             (e.g. pdfTeX or LuaTeX with package `pdftexcmds').

(rerunfilecheck)             Therefore file contents cannot be checked efficien
tly
(rerunfilecheck)             and the loading of the package is aborted.
)
\Hy@SectionHShift=\skip200
)
(C:\CTEX\MiKTeX\tex\latex\xcolor\xcolor.sty
Package: xcolor 2007/01/21 v2.11 LaTeX color extensions (UK)

(C:\CTEX\MiKTeX\tex\latex\00miktex\color.cfg
File: color.cfg 2007/01/18 v1.5 color configuration of teTeX/TeXLive
)
Package xcolor Info: Driver file: xetex.def on input line 225.
LaTeX Info: Redefining \color on input line 702.
Package xcolor Info: Model `cmy' substituted by `cmy0' on input line 1337.
Package xcolor Info: Model `RGB' extended on input line 1353.
Package xcolor Info: Model `HTML' substituted by `rgb' on input line 1355.
Package xcolor Info: Model `Hsb' substituted by `hsb' on input line 1356.
Package xcolor Info: Model `tHsb' substituted by `hsb' on input line 1357.
Package xcolor Info: Model `HSB' substituted by `hsb' on input line 1358.
Package xcolor Info: Model `Gray' substituted by `gray' on input line 1359.
Package xcolor Info: Model `wave' substituted by `hsb' on input line 1360.
)
.................................................
. LaTeX info: "xparse/define-command"
. 
. Defining document command \LORD with arg. spec. '' on line 27.
.................................................
.................................................
. LaTeX info: "xparse/define-command"
. 
. Defining document command \神 with arg. spec. '' on line 28.
.................................................
\g_bible_book_index_int=\count310
\g_bible_chap_index_int=\count311
\g_bible_verse_index_int=\count312
\g_bible_book_year_start_int=\count313
\g_bible_book_year_end_int=\count314
.................................................
. LaTeX info: "xparse/define-command"
. 
. Defining document command \Book with arg. spec. 'm' on line 73.
.................................................

(C:\CTEX\MiKTeX\tex\latex\lettrine\lettrine.sty
File: lettrine.sty 2007/08/08 v1.62 (Daniel Flipo)
\c@DefaultLines=\count315
\DefaultFindent=\dimen193
\DefaultNindent=\dimen194
\DefaultSlope=\dimen195
\L@lbox=\box39
\L@tbox=\box40
\c@L@lines=\count316
\L@Pindent=\dimen196
\L@Findent=\dimen197
\L@Nindent=\dimen198
\L@lraise=\dimen199
\L@first=\dimen200
\L@next=\dimen201
Normal \dimen register pool exhausted, switching to extended pool.
\L@slope=\dimen256
\L@height=\dimen257
\LettrineWidth=\dimen258

Loading lettrine.cfg
(C:\CTEX\MiKTeX\tex\latex\lettrine\lettrine.cfg))
.................................................
. LaTeX info: "xparse/define-command"
. 
. Defining document command \Chapter with arg. spec. 'o' on line 100.
.................................................
.................................................
. LaTeX info: "xparse/define-command"
. 
. Defining document command \Verse with arg. spec. '' on line 112.
.................................................
.................................................
. LaTeX info: "xparse/define-command"
. 
. Defining document command \NewSpeaker with arg. spec. 'mmmoo' on line 118.
.................................................
.................................................
. LaTeX info: "xparse/define-command"
. 
. Defining document command \InputOnlyBook with arg. spec. 'm' on line 141.
.................................................
.................................................
. LaTeX info: "xparse/define-command"
. 
. Defining document command \BibleVersion with arg. spec. 'm' on line 144.
.................................................
.................................................
. LaTeX info: "xparse/define-command"
. 
. Defining document command \InputBook with arg. spec. 'mm' on line 153.
.................................................
)
(C:\CTEX\MiKTeX\tex\latex\metalogo\metalogo.sty
Package: metalogo 2010/05/29 v0.12 Extended TeX logo macros

(C:\CTEX\MiKTeX\tex\latex\graphics\graphicx.sty
Package: graphicx 1999/02/16 v1.0f Enhanced LaTeX Graphics (DPC,SPQR)
\Gin@req@height=\dimen259
\Gin@req@width=\dimen260
)
(C:\CTEX\MiKTeX\tex\latex\fontspec\fontspec.sty
Package: fontspec 2011/09/18 v2.2a Advanced font selection for XeLaTeX/LuaLaTeX

\l_fontspec_script_int=\count317
\l_fontspec_language_int=\count318
\l_fontspec_strnum_int=\count319
\l_fontspec_tmpa_dim=\dimen261
\l_fontspec_tmpb_dim=\dimen262
\l_fontspec_tmpc_dim=\dimen263
Variant \tl_gset:cV already defined; not changing it on line 66

(C:\CTEX\MiKTeX\tex\latex\fontspec\fontspec-patches.sty
Package: fontspec-patches 2011/09/18 v2.2a Advanced font selection for XeLaTeX/
LuaLaTeX

(C:\CTEX\MiKTeX\tex\latex\base\fixltx2e.sty
Package: fixltx2e 2006/09/13 v1.1m fixes to LaTeX
LaTeX Info: Redefining \em on input line 420.
LaTeX Info: Redefining \textsubscript on input line 424.
)
LaTeX Info: Redefining \em on input line 22.
LaTeX Info: Redefining \emph on input line 29.
LaTeX Info: Redefining \- on input line 32.

*************************************************
* LaTeX warning: "xparse/redefine-command"
* 
* Redefining document command \oldstylenums with arg. spec. 'm' on line 107.
*************************************************
.................................................
. LaTeX info: "xparse/define-command"
. 
. Defining document command \liningnums with arg. spec. 'm' on line 111.
.................................................
) (C:\CTEX\MiKTeX\tex\latex\fontspec\fontspec-xetex.sty
Package: fontspec-xetex 2011/09/18 v2.2a Advanced font selection for XeLaTeX/Lu
aLaTeX

(C:\CTEX\MiKTeX\tex\latex\base\fontenc.sty
Package: fontenc 2005/09/27 v1.99g Standard LaTeX package

(C:\CTEX\MiKTeX\tex\latex\euenc\eu1enc.def
File: eu1enc.def 2010/05/27 v0.1h Experimental Unicode font encodings
)
LaTeX Font Info:    Try loading font information for EU1+lmr on input line 100.


(C:\CTEX\MiKTeX\tex\latex\euenc\eu1lmr.fd
File: eu1lmr.fd 2009/10/30 v1.6 Font defs for Latin Modern
)
Requested font "[lmroman10-regular]:mapping=tex-text" at 10.0pt
 -> C:/CTEX/MiKTeX/fonts/opentype/public/lm/lmroman10-regular.otf
)
(C:\CTEX\MiKTeX\tex\xelatex\xunicode\xunicode.sty
File: xunicode.sty 2011/09/09 v0.981 provides access to latin accents and many 
other characters in Unicode lower plane

(C:\CTEX\MiKTeX\tex\latex\tipa\t3enc.def
File: t3enc.def 2001/12/31 T3 encoding
Requested font "[lmromanslant10-regular]:mapping=tex-text" at 10.0pt
 -> C:/CTEX/MiKTeX/fonts/opentype/public/lm/lmromanslant10-regular.otf
Requested font "[lmroman10-italic]:mapping=tex-text" at 10.0pt
 -> C:/CTEX/MiKTeX/fonts/opentype/public/lm/lmroman10-italic.otf
Requested font "[lmroman10-bold]:mapping=tex-text" at 10.0pt
 -> C:/CTEX/MiKTeX/fonts/opentype/public/lm/lmroman10-bold.otf
LaTeX Font Info:    Try loading font information for EU1+lmss on input line 357
.

(C:\CTEX\MiKTeX\tex\latex\euenc\eu1lmss.fd
File: eu1lmss.fd 2009/10/30 v1.6 Font defs for Latin Modern
)
Requested font "[lmsans10-regular]:mapping=tex-text" at 10.0pt
 -> C:/CTEX/MiKTeX/fonts/opentype/public/lm/lmsans10-regular.otf
)
\tipaTiiicode=\count320
\tipasavetokens=\toks25
\tipachecktokens=\toks26
)
.................................................
. LaTeX info: "xparse/define-command"
. 
. Defining document command \fontspec with arg. spec. 'O{}m' on line 39.
.................................................
.................................................
. LaTeX info: "xparse/define-command"
. 
. Defining document command \setmainfont with arg. spec. 'O{}m' on line 43.
.................................................
.................................................
. LaTeX info: "xparse/define-command"
. 
. Defining document command \setsansfont with arg. spec. 'O{}m' on line 47.
.................................................
.................................................
. LaTeX info: "xparse/define-command"
. 
. Defining document command \setmonofont with arg. spec. 'O{}m' on line 51.
.................................................
.................................................
. LaTeX info: "xparse/define-command"
. 
. Defining document command \setmathrm with arg. spec. 'O{}m' on line 59.
.................................................
.................................................
. LaTeX info: "xparse/define-command"
. 
. Defining document command \setboldmathrm with arg. spec. 'O{}m' on line 62.
.................................................
.................................................
. LaTeX info: "xparse/define-command"
. 
. Defining document command \setmathsf with arg. spec. 'O{}m' on line 65.
.................................................
.................................................
. LaTeX info: "xparse/define-command"
. 
. Defining document command \setmathtt with arg. spec. 'O{}m' on line 68.
.................................................
.................................................
. LaTeX info: "xparse/define-command"
. 
. Defining document command \newfontfamily with arg. spec. 'mO{}m' on line 84.
.................................................
.................................................
. LaTeX info: "xparse/define-command"
. 
. Defining document command \newfontface with arg. spec. 'mO{}m' on line 87.
.................................................
.................................................
. LaTeX info: "xparse/define-command"
. 
. Defining document command \defaultfontfeatures with arg. spec. 'm' on line
. 91.
.................................................
.................................................
. LaTeX info: "xparse/define-command"
. 
. Defining document command \addfontfeatures with arg. spec. 'm' on line 107.
.................................................
.................................................
. LaTeX info: "xparse/define-command"
. 
. Defining document command \newfontfeature with arg. spec. 'mm' on line 118.
.................................................
.................................................
. LaTeX info: "xparse/define-command"
. 
. Defining document command \newAATfeature with arg. spec. 'mmmm' on line 125.
.................................................
.................................................
. LaTeX info: "xparse/define-command"
. 
. Defining document command \newICUfeature with arg. spec. 'mmm' on line 132.
.................................................
.................................................
. LaTeX info: "xparse/define-command"
. 
. Defining document command \aliasfontfeature with arg. spec. 'mm' on line
. 159.
.................................................
.................................................
. LaTeX info: "xparse/define-command"
. 
. Defining document command \aliasfontfeatureoption with arg. spec. 'mmm' on
. line 164.
.................................................
.................................................
. LaTeX info: "xparse/define-command"
. 
. Defining document command \newfontscript with arg. spec. 'mm' on line 169.
.................................................
.................................................
. LaTeX info: "xparse/define-command"
. 
. Defining document command \newfontlanguage with arg. spec. 'mm' on line 192.
.................................................
.................................................
. LaTeX info: "xparse/define-command"
. 
. Defining document command \DeclareFontsExtensions with arg. spec. 'm' on
. line 211.
.................................................
Variant \prop_gput:cnV already defined; not changing it on line 485
Variant \prop_gput:cnx already defined; not changing it on line 486
Variant \keys_set:nx already defined; not changing it on line 963
\c@fontspec_tmp_int=\count321
LaTeX Info: Redefining \itshape on input line 1881.
LaTeX Info: Redefining \slshape on input line 1885.
LaTeX Info: Redefining \scshape on input line 1889.
LaTeX Info: Redefining \upshape on input line 1893.

(C:\CTEX\MiKTeX\tex\latex\fontspec\fontspec.cfg)))
\xl@everylogo=\toks27
\xl@@everylogo=\toks28
LaTeX Info: Redefining \TeX on input line 193.
LaTeX Info: Redefining \LaTeX on input line 202.
LaTeX Info: Redefining \LaTeXe on input line 219.
)
(C:\CTEX\MiKTeX\tex\latex\microtype\microtype.sty
Package: microtype 2010/01/10 v2.4 Micro-typography with pdfTeX (RS)


Package microtype Warning: You don't seem to be using pdftex.
(microtype)                `microtype' only works with pdftex.
(microtype)                Try running `pdflatex' instead of `xelatex'.

) (C:\CTEX\MiKTeX\tex\xelatex\xecjk\xeCJK.sty
Package: xeCJK 2012/01/31 2.4.5 package for typesetting CJK scripts with XeLaTe
X

(C:\CTEX\MiKTeX\tex\latex\xkeyval\xkeyval.sty
Package: xkeyval 2008/08/13 v2.6a package option processing (HA)

(C:\CTEX\MiKTeX\tex\generic\xkeyval\xkeyval.tex
\XKV@toks=\toks29
\XKV@tempa@toks=\toks30
\XKV@depth=\count322
File: xkeyval.tex 2008/08/13 v2.6a key=value parser (HA)
))
\xeCJK@cnta=\count323
\xeCJK@cntb=\count324
\xeCJK@cntc=\count325
\xeCJK@cntd=\count326
\xeCJK@cnte=\count327
\xeCJK@dima=\dimen264
LaTeX Info: Redefining \normalfont on input line 886.
LaTeX Info: Redefining \rmfamily on input line 895.
LaTeX Info: Redefining \sffamily on input line 899.
LaTeX Info: Redefining \ttfamily on input line 903.
\xeCJK@featureadded=\count328
\g_xecjk_exspace_dim=\dimen265
)
Requested font "Georgia" at 10.0pt
 -> C:/WINDOWS/Fonts/georgia.ttf
Requested font "Georgia/ICU" at 10.0pt
 -> C:/WINDOWS/Fonts/georgia.ttf
\g_fontspec_family_Georgia_int=\count329
Requested font "Georgia/B/ICU" at 10.0pt
 -> C:/WINDOWS/Fonts/georgiab.ttf
Requested font "Georgia/B/B/ICU" at 10.0pt
 -> C:/WINDOWS/Fonts/georgiab.ttf
Requested font "Georgia/I/ICU" at 10.0pt
 -> C:/WINDOWS/Fonts/georgiai.ttf
Requested font "Georgia/I/I/ICU" at 10.0pt
 -> C:/WINDOWS/Fonts/georgiai.ttf
Requested font "Georgia/BI/ICU" at 10.0pt
 -> C:/WINDOWS/Fonts/georgiaz.ttf
Requested font "Georgia/BI/BI/ICU" at 10.0pt
 -> C:/WINDOWS/Fonts/georgiaz.ttf
.................................................
. fontspec info: "defining-font"
. 
. Font family 'Georgia(0)' created for font 'Georgia' with options [].
. 
. This font family consists of the following shapes:
. 
. * 'normal' with NFSS spec.:
. <->"Georgia/ICU:script=latn;language=DFLT;"
. 
. * 'small caps' with NFSS spec.:
. <->"Georgia/ICU:script=latn;language=DFLT;+smcp;"
. 
. * 'bold' with NFSS spec.:
. <->"Georgia/B/ICU:script=latn;language=DFLT;"
. 
. * 'bold small caps' with NFSS spec.:
. <->"Georgia/B/ICU:script=latn;language=DFLT;+smcp;"
. 
. * 'italic' with NFSS spec.:
. <->"Georgia/I/ICU:script=latn;language=DFLT;"
. 
. * 'italic small caps' with NFSS spec.:
. <->"Georgia/I/ICU:script=latn;language=DFLT;+smcp;"
. 
. * 'bold italic' with NFSS spec.:
. <->"Georgia/BI/ICU:script=latn;language=DFLT;"
. 
. * 'bold italic small caps' with NFSS spec.:
. <->"Georgia/BI/ICU:script=latn;language=DFLT;+smcp;"
.................................................
Requested font "Georgia/ICU:script=latn;language=DFLT;" at 10.0pt
 -> C:/WINDOWS/Fonts/georgia.ttf
Package csquotes Info: Checking for multilingual support...
Package csquotes Info: ... none found.

(E:\3.Workspace\Latex\外经\巴录二书\2B\bible.aux
(E:\3.Workspace\Latex\外经\巴录二书\2B\PBC/license-page.aux))
LaTeX Font Info:    Checking defaults for OML/cmm/m/it on input line 31.
LaTeX Font Info:    ... okay on input line 31.
LaTeX Font Info:    Checking defaults for T1/cmr/m/n on input line 31.
LaTeX Font Info:    ... okay on input line 31.
LaTeX Font Info:    Checking defaults for OT1/cmr/m/n on input line 31.
LaTeX Font Info:    ... okay on input line 31.
LaTeX Font Info:    Checking defaults for OMS/cmsy/m/n on input line 31.
LaTeX Font Info:    ... okay on input line 31.
LaTeX Font Info:    Checking defaults for OMX/cmex/m/n on input line 31.
LaTeX Font Info:    ... okay on input line 31.
LaTeX Font Info:    Checking defaults for U/cmr/m/n on input line 31.
LaTeX Font Info:    ... okay on input line 31.
LaTeX Font Info:    Checking defaults for PD1/pdf/m/n on input line 31.
LaTeX Font Info:    ... okay on input line 31.
LaTeX Font Info:    Checking defaults for PU/pdf/m/n on input line 31.
LaTeX Font Info:    ... okay on input line 31.
LaTeX Font Info:    Checking defaults for EU1/lmr/m/n on input line 31.
LaTeX Font Info:    ... okay on input line 31.
LaTeX Font Info:    Checking defaults for T3/cmr/m/n on input line 31.
LaTeX Font Info:    Try loading font information for T3+cmr on input line 31.

(C:\CTEX\MiKTeX\tex\latex\tipa\t3cmr.fd
File: t3cmr.fd 2001/12/31 TIPA font definitions
)
LaTeX Font Info:    ... okay on input line 31.

*geometry* detected driver: pdftex
*geometry* verbose mode - [ preamble ] result:
* driver: pdftex
* paper: <default>
* layout: <same size as paper>
* layoutoffset:(h,v)=(0.0pt,0.0pt)
* modes: twoside 
* h-part:(L,W,R)=(71.13188pt, 514.71037pt, 28.45274pt)
* v-part:(T,H,B)=(56.9055pt, 652.70622pt, 85.35826pt)
* \paperwidth=614.295pt
* \paperheight=794.96999pt
* \textwidth=514.71037pt
* \textheight=652.70622pt
* \oddsidemargin=-1.1381pt
* \evensidemargin=-43.81725pt
* \topmargin=-45.43198pt
* \headheight=12.0pt
* \headsep=18.06749pt
* \topskip=10.0pt
* \footskip=25.29494pt
* \marginparwidth=128.0pt
* \marginparsep=7.0pt
* \columnsep=10.0pt
* \skip\footins=12.0pt plus 4.0pt minus 4.0pt
* \hoffset=0.0pt
* \voffset=0.0pt
* \mag=1000
* \@twocolumnfalse
* \@twosidetrue
* \@mparswitchtrue
* \@reversemarginfalse
* (1in=72.27pt=25.4mm, 1cm=28.453pt)

\AtBeginShipoutBox=\box41
Package hyperref Info: Link coloring OFF on input line 31.
(C:\CTEX\MiKTeX\tex\latex\hyperref\nameref.sty
Package: nameref 2010/04/30 v2.40 Cross-referencing by name of section

(C:\CTEX\MiKTeX\tex\generic\oberdiek\gettitlestring.sty
Package: gettitlestring 2010/12/03 v1.4 Cleanup title references (HO)
)
\c@section@level=\count330
)
Redoing nameref's sectioning
Redoing nameref's label
LaTeX Info: Redefining \nameref on input line 31.
LaTeX Info: Redefining \ref on input line 31.
LaTeX Info: Redefining \pageref on input line 31.
LaTeX Info: Redefining \nameref on input line 31.
(E:\3.Workspace\Latex\外经\巴录二书\2B\bible.out)
(E:\3.Workspace\Latex\外经\巴录二书\2B\bible.out)
\@outlinefile=\write4
.................................................
. fontspec info: "setup-math"
. 
. Adjusting the maths setup (use [no-math] to avoid this).
.................................................
\symlegacymaths=\mathgroup4
LaTeX Font Info:    Overwriting symbol font `legacymaths' in version `bold'
(Font)                  OT1/cmr/m/n --> OT1/cmr/bx/n on input line 31.
LaTeX Font Info:    Redeclaring math accent \acute on input line 31.
LaTeX Font Info:    Redeclaring math accent \grave on input line 31.
LaTeX Font Info:    Redeclaring math accent \ddot on input line 31.
LaTeX Font Info:    Redeclaring math accent \tilde on input line 31.
LaTeX Font Info:    Redeclaring math accent \bar on input line 31.
LaTeX Font Info:    Redeclaring math accent \breve on input line 31.
LaTeX Font Info:    Redeclaring math accent \check on input line 31.
LaTeX Font Info:    Redeclaring math accent \hat on input line 31.
LaTeX Font Info:    Redeclaring math accent \dot on input line 31.
LaTeX Font Info:    Redeclaring math accent \mathring on input line 31.
LaTeX Font Info:    Redeclaring math symbol \colon on input line 31.
LaTeX Font Info:    Redeclaring math symbol \Gamma on input line 31.
LaTeX Font Info:    Redeclaring math symbol \Delta on input line 31.
LaTeX Font Info:    Redeclaring math symbol \Theta on input line 31.
LaTeX Font Info:    Redeclaring math symbol \Lambda on input line 31.
LaTeX Font Info:    Redeclaring math symbol \Xi on input line 31.
LaTeX Font Info:    Redeclaring math symbol \Pi on input line 31.
LaTeX Font Info:    Redeclaring math symbol \Sigma on input line 31.
LaTeX Font Info:    Redeclaring math symbol \Upsilon on input line 31.
LaTeX Font Info:    Redeclaring math symbol \Phi on input line 31.
LaTeX Font Info:    Redeclaring math symbol \Psi on input line 31.
LaTeX Font Info:    Redeclaring math symbol \Omega on input line 31.
LaTeX Font Info:    Redeclaring math symbol \mathdollar on input line 31.
LaTeX Font Info:    Redeclaring symbol font `operators' on input line 31.
LaTeX Font Info:    Encoding `OT1' has changed to `EU1' for symbol font
(Font)              `operators' in the math version `normal' on input line 31.
LaTeX Font Info:    Overwriting symbol font `operators' in version `normal'
(Font)                  OT1/cmr/m/n --> EU1/Georgia(0)/m/n on input line 31.
LaTeX Font Info:    Encoding `OT1' has changed to `EU1' for symbol font
(Font)              `operators' in the math version `bold' on input line 31.
LaTeX Font Info:    Overwriting symbol font `operators' in version `bold'
(Font)                  OT1/cmr/bx/n --> EU1/Georgia(0)/m/n on input line 31.
LaTeX Font Info:    Overwriting symbol font `operators' in version `normal'
(Font)                  EU1/Georgia(0)/m/n --> EU1/Georgia(0)/m/n on input line
 31.
LaTeX Font Info:    Overwriting math alphabet `\mathrm' in version `normal'
(Font)                  EU1/Georgia(0)/m/n --> EU1/Georgia(0)/m/n on input line
 31.
LaTeX Font Info:    Overwriting math alphabet `\mathit' in version `normal'
(Font)                  OT1/cmr/m/it --> EU1/Georgia(0)/m/it on input line 31.
LaTeX Font Info:    Overwriting math alphabet `\mathbf' in version `normal'
(Font)                  OT1/cmr/bx/n --> EU1/Georgia(0)/bx/n on input line 31.
LaTeX Font Info:    Overwriting math alphabet `\mathsf' in version `normal'
(Font)                  OT1/cmss/m/n --> EU1/lmss/m/n on input line 31.
LaTeX Font Info:    Overwriting math alphabet `\mathtt' in version `normal'
(Font)                  OT1/cmtt/m/n --> EU1/lmtt/m/n on input line 31.
LaTeX Font Info:    Overwriting symbol font `operators' in version `bold'
(Font)                  EU1/Georgia(0)/m/n --> EU1/Georgia(0)/bx/n on input lin
e 31.
LaTeX Font Info:    Overwriting math alphabet `\mathrm' in version `bold'
(Font)                  EU1/Georgia(0)/m/n --> EU1/Georgia(0)/bx/n on input lin
e 31.
LaTeX Font Info:    Overwriting math alphabet `\mathit' in version `bold'
(Font)                  OT1/cmr/bx/it --> EU1/Georgia(0)/bx/it on input line 31
.
LaTeX Font Info:    Overwriting math alphabet `\mathsf' in version `bold'
(Font)                  OT1/cmss/bx/n --> EU1/lmss/bx/n on input line 31.
LaTeX Font Info:    Overwriting math alphabet `\mathtt' in version `bold'
(Font)                  OT1/cmtt/m/n --> EU1/lmtt/bx/n on input line 31.
.................................................
. LaTeX info: "xparse/define-command"
. 
. Defining document command \Father with arg. spec. 'sm' on line 32.
.................................................
.................................................
. LaTeX info: "xparse/define-command"
. 
. Defining document command \Son with arg. spec. 'sm' on line 33.
.................................................

(E:\3.Workspace\Latex\外经\巴录二书\2B\hyphenations.tex)
Requested font "AR PL UMing CN" at 10.0pt
 -> C:/WINDOWS/Fonts/AR PL UMing CN, Light.ttc
Requested font "AR PL UMing CN/ICU" at 10.0pt
 -> C:/WINDOWS/Fonts/AR PL UMing CN, Light.ttc
\g_fontspec_family_AR PL UMing CN_int=\count331
Requested font "WenQuanYi Micro Hei/ICU" at 10.0pt
 -> C:/WINDOWS/Fonts/wqy-microhei.ttc
Requested font "AR PL UKai CN/ICU" at 10.0pt
 -> C:/WINDOWS/Fonts/AR PL UKai CN, Regular.ttc
Requested font "WenQuanYi Micro Hei/I/ICU" at 10.0pt
 -> C:/WINDOWS/Fonts/wqy-microhei.ttc
.................................................
. fontspec info: "no-font-shape"
. 
. Could not resolve font WenQuanYi Micro Hei/I (it probably doesn't exist).
.................................................
.................................................
. fontspec info: "defining-font"
. 
. Font family 'ARPLUMingCN(0)' created for font 'AR PL UMing CN' with options
. [ BoldFont={WenQuanYi Micro Hei}, ItalicFont={AR PL UKai CN}].
. 
. This font family consists of the following shapes:
. 
. * 'normal' with NFSS spec.:
. <->"AR PL UMing CN/ICU:script=latn;language=DFLT;"
. 
. * 'bold' with NFSS spec.:
. <->"WenQuanYi Micro Hei/ICU:script=latn;language=DFLT;"
. 
. * 'italic' with NFSS spec.:
. <->"AR PL UKai CN/ICU:script=latn;language=DFLT;"
.................................................
Requested font "AR PL UMing CN/ICU:script=latn;language=DFLT;" at 10.0pt
 -> C:/WINDOWS/Fonts/AR PL UMing CN, Light.ttc


LaTeX Font Warning: Font shape `EU1/Georgia(0)/m/sl' undefined
(Font)              using `EU1/Georgia(0)/m/n' instead on input line 44.

(C:\CTEX\MiKTeX\tex\generic\oberdiek\se-ascii-print.def
File: se-ascii-print.def 2010/03/01 v1.8 stringenc: Printable ASCII characters
) [1

]
Requested font "Georgia/ICU:script=latn;language=DFLT;" at 12.0pt
 -> C:/WINDOWS/Fonts/georgia.ttf
Requested font "AR PL UMing CN" at 12.0pt
 -> C:/WINDOWS/Fonts/AR PL UMing CN, Light.ttc
Requested font "AR PL UMing CN/ICU" at 12.0pt
 -> C:/WINDOWS/Fonts/AR PL UMing CN, Light.ttc
.................................................
. fontspec info: "defining-font"
. 
. Font family 'ARPLUMingCN(0)' created for font 'AR PL UMing CN' with options
. [ BoldFont={WenQuanYi Micro Hei}, ItalicFont={AR PL UKai CN}].
. 
. This font family consists of the following shapes:
.................................................
Requested font "AR PL UMing CN/ICU:script=latn;language=DFLT;" at 12.0pt
 -> C:/WINDOWS/Fonts/AR PL UMing CN, Light.ttc
 [2


]
Requested font "Georgia/ICU:script=latn;language=DFLT;" at 20.74pt
 -> C:/WINDOWS/Fonts/georgia.ttf
Requested font "AR PL UMing CN" at 20.74pt
 -> C:/WINDOWS/Fonts/AR PL UMing CN, Light.ttc
Requested font "AR PL UMing CN/ICU" at 20.74pt
 -> C:/WINDOWS/Fonts/AR PL UMing CN, Light.ttc
.................................................
. fontspec info: "defining-font"
. 
. Font family 'ARPLUMingCN(0)' created for font 'AR PL UMing CN' with options
. [ BoldFont={WenQuanYi Micro Hei}, ItalicFont={AR PL UKai CN}].
. 
. This font family consists of the following shapes:
.................................................
Requested font "AR PL UMing CN/ICU:script=latn;language=DFLT;" at 20.74pt
 -> C:/WINDOWS/Fonts/AR PL UMing CN, Light.ttc

(E:\3.Workspace\Latex\外经\巴录二书\2B\PBC/2B.tex [3


] [4

]
Requested font "Georgia/ICU:script=latn;language=DFLT;" at 17.28pt
 -> C:/WINDOWS/Fonts/georgia.ttf
Requested font "Georgia/B/ICU:script=latn;language=DFLT;" at 17.28pt
 -> C:/WINDOWS/Fonts/georgiab.ttf
Requested font "Georgia/B/ICU:script=latn;language=DFLT;" at 20.74pt
 -> C:/WINDOWS/Fonts/georgiab.ttf
.................................................
. fontspec info: "defining-font"
. 
. Font family 'ARPLUMingCN(0)' created for font 'AR PL UMing CN' with options
. [ BoldFont={WenQuanYi Micro Hei}, ItalicFont={AR PL UKai CN}].
. 
. This font family consists of the following shapes:
.................................................
Requested font "WenQuanYi Micro Hei/ICU:script=latn;language=DFLT;" at 20.74pt
 -> C:/WINDOWS/Fonts/wqy-microhei.ttc
 [5

] [6]
Requested font "Georgia/B/ICU:script=latn;language=DFLT;" at 10.0pt
 -> C:/WINDOWS/Fonts/georgiab.ttf

Overfull \hbox (8.43098pt too wide) in paragraph at lines 3--4
[]\EU1/Georgia(0)/bx/n/10 Announcement \EU1/Georgia(0)/m/sl/10 of the coming De
struction of Jerusalem
 []

.................................................
. fontspec info: "defining-font"
. 
. Font family 'ARPLUMingCN(0)' created for font 'AR PL UMing CN' with options
. [ BoldFont={WenQuanYi Micro Hei}, ItalicFont={AR PL UKai CN}].
. 
. This font family consists of the following shapes:
.................................................
Requested font "WenQuanYi Micro Hei/ICU:script=latn;language=DFLT;" at 10.0pt
 -> C:/WINDOWS/Fonts/wqy-microhei.ttc
Requested font "Georgia/ICU:script=latn;language=DFLT;+smcp;" at 10.0pt
 -> C:/WINDOWS/Fonts/georgia.ttf
Requested font "Georgia/ICU:script=latn;language=DFLT;" at 7.0pt
 -> C:/WINDOWS/Fonts/georgia.ttf
Requested font "Georgia/ICU:script=latn;language=DFLT;" at 5.0pt
 -> C:/WINDOWS/Fonts/georgia.ttf
LaTeX Font Info:    External font `cmex10' loaded for size
(Font)              <7> on input line 10.
LaTeX Font Info:    External font `cmex10' loaded for size
(Font)              <5> on input line 10.
Requested font "Georgia/ICU:script=latn;language=DFLT;" at 8.0pt
 -> C:/WINDOWS/Fonts/georgia.ttf
Requested font "Georgia/ICU:script=latn;language=DFLT;" at 6.0pt
 -> C:/WINDOWS/Fonts/georgia.ttf
Requested font "cmmi8" at 8.0pt
 -> cmmi8
Requested font "cmmi6" at 6.0pt
 -> cmmi6
Requested font "cmsy8" at 8.0pt
 -> cmsy8
Requested font "cmsy6" at 6.0pt
 -> cmsy6
LaTeX Font Info:    External font `cmex10' loaded for size
(Font)              <8> on input line 12.
LaTeX Font Info:    External font `cmex10' loaded for size
(Font)              <6> on input line 12.
Requested font "cmr6" at 6.0pt
 -> cmr6
Requested font "AR PL UMing CN" at 8.0pt
 -> C:/WINDOWS/Fonts/AR PL UMing CN, Light.ttc
Requested font "AR PL UMing CN/ICU" at 8.0pt
 -> C:/WINDOWS/Fonts/AR PL UMing CN, Light.ttc
.................................................
. fontspec info: "defining-font"
. 
. Font family 'ARPLUMingCN(0)' created for font 'AR PL UMing CN' with options
. [ BoldFont={WenQuanYi Micro Hei}, ItalicFont={AR PL UKai CN}].
. 
. This font family consists of the following shapes:
.................................................
Requested font "AR PL UMing CN/ICU:script=latn;language=DFLT;" at 8.0pt
 -> C:/WINDOWS/Fonts/AR PL UMing CN, Light.ttc
Requested font "Georgia/ICU:script=latn;language=DFLT;" at 17.2002pt
 -> C:/WINDOWS/Fonts/georgia.ttf
Requested font "Georgia/ICU:script=latn;language=DFLT;" at 24.82684pt
 -> C:/WINDOWS/Fonts/georgia.ttf

Package hyperref Warning: Difference (3) between bookmark levels is greater 
(hyperref)                than one, level fixed on input line 25.


Package hyperref Warning: Difference (2) between bookmark levels is greater 
(hyperref)                than one, level fixed on input line 34.

[7

]
Overfull \hbox (2.73439pt too wide) in paragraph at lines 104--106
[]\EU1/Georgia(0)/m/sl/10 And My judgment shall maintain its right in its own t
ime.
 []

.................................................
. fontspec info: "defining-font"
. 
. Font family 'ARPLUMingCN(0)' created for font 'AR PL UMing CN' with options
. [ BoldFont={WenQuanYi Micro Hei}, ItalicFont={AR PL UKai CN}].
. 
. This font family consists of the following shapes:
.................................................

LaTeX Font Warning: Font shape `EU1/ARPLUMingCN(0)/m/sc' undefined
(Font)              using `EU1/ARPLUMingCN(0)/m/n' instead on input line 153.


Overfull \hbox (5.612pt too wide) in paragraph at lines 202--208
\EU1/Georgia(0)/m/sl/10 came to pass after these things that the army of the Ch
aldees
 []

[8] [9] [10]
Overfull \hbox (3.92253pt too wide) in paragraph at lines 547--549
[]\EU1/Georgia(0)/m/sl/10 And you have always been ungrateful for the beneficen
ce.
 []

[11]
Overfull \hbox (0.90024pt too wide) in paragraph at lines 627--631
[]$[]$\EU1/Georgia(0)/m/sl/10 And as regards what you did say touching the righ
teous,
 []


Overfull \hbox (7.59116pt too wide) in paragraph at lines 667--669
[]\EU1/Georgia(0)/m/sl/10 Though they knew that they had the law reproving (the
m),
 []


Overfull \hbox (1.60158pt too wide) in paragraph at lines 676--686
\EU1/Georgia(0)/m/sl/10 do not you take counsel in your soul regarding these th
ings,
 []

[12] [13]
Overfull \hbox (3.38663pt too wide) in paragraph at lines 762--768
\EU1/Georgia(0)/m/sl/10 have sinned, or the consummation of those who have
 []


Overfull \hbox (2.52875pt too wide) in paragraph at lines 825--839
$[]$[]\EU1/Georgia(0)/m/sl/10 And I answered and said: Not so, O LORD, my Lord.
'
 []

[14]
Overfull \hbox (3.19324pt too wide) in paragraph at lines 867--869
$[]$[]\EU1/Georgia(0)/m/sl/10 And I answered and said: 'Will that tribulation w
hich
 []

[15]
Overfull \hbox (11.255pt too wide) in paragraph at lines 907--921
$[]$[]\EU1/Georgia(0)/m/sl/10 Nevertheless, whoever understands shall then be w
ise.
 []

[16] [17] [18]
Overfull \hbox (0.13348pt too wide) in paragraph at lines 1178--1179
[]\EU1/Georgia(0)/m/sl/10 Baruch told of his Death and bidden to give his last 
Com-
 []


Overfull \hbox (0.28667pt too wide) in paragraph at lines 1183--1185
$[]$[]\EU1/Georgia(0)/m/sl/10 But, do thou, Baruch, direct your heart to that w
hich
 []

[19]
Overfull \hbox (11.4616pt too wide) in paragraph at lines 1228--1230
[]\EU1/Georgia(0)/m/sl/10 Lest they withdraw from the commandments of the Might
y
 []

[20] [21]
Overfull \hbox (3.74481pt too wide) in paragraph at lines 1600--1602
[]\EU1/Georgia(0)/m/sl/10 Moreover, even those who know shall most of all be si
len-
 []


Overfull \hbox (2.04591pt too wide) in paragraph at lines 1642--1644
[]\EU1/Georgia(0)/m/sl/10 Then envy shall arise in those who had not thought au
gh-
 []

[22]
Overfull \hbox (3.5101pt too wide) in paragraph at lines 1688--1689
[]$[]$\EU1/Georgia(0)/m/sl/10 Because each of the inhabitants of the earth knew
 when
 []

[23]
Overfull \hbox (1.32814pt too wide) in paragraph at lines 1831--1832
[]\EU1/Georgia(0)/m/sl/10 And they shall behold the time which is now hidden fr
om
 []


Overfull \hbox (6.21584pt too wide) in paragraph at lines 1862--1863
[]\EU1/Georgia(0)/m/sl/10 And for what have those who were on the earth exchang
ed
 []


Overfull \hbox (4.96844pt too wide) in paragraph at lines 1867--1868
[]\EU1/Georgia(0)/m/sl/10 Which, beyond the reach of anguish, could not pass aw
ay: 
 []

[24]
Overfull \hbox (5.12209pt too wide) in paragraph at lines 1937--1938
[]\EU1/Georgia(0)/m/sl/10 And the things which befall in their times You bring 
about
 []

[25]
Overfull \hbox (1.3498pt too wide) in paragraph at lines 2078--2079
[]$[]$\EU1/Georgia(0)/m/sl/10 And if you have heard tidings of the good and evi
l things
 []


Overfull \hbox (9.64845pt too wide) in paragraph at lines 2080--2081
[]\EU1/Georgia(0)/m/sl/10 What (wilt you be) when you shall behold what the maj
esty
 []


Overfull \hbox (8.7225pt too wide) in paragraph at lines 2117--2125
[]$[]$\EU1/Georgia(0)/m/sl/10 What therefore can be blacker or darker than thes
e things
 []


Overfull \hbox (2.32477pt too wide) in paragraph at lines 2117--2125
\EU1/Georgia(0)/m/sl/10 descended, and mingled with the women. $[]$And then tho
se
 []


Overfull \hbox (2.01823pt too wide) in paragraph at lines 2130--2131
[]\EU1/Georgia(0)/m/sl/10 And the works of the commandments were then fulfilled
, 
 []

[26]
Overfull \hbox (1.63869pt too wide) in paragraph at lines 2160--2162
\EU1/Georgia(0)/m/sl/10 the wickedness of their mysteries, and the mingling of 
their
 []


Overfull \hbox (8.23732pt too wide) in paragraph at lines 2171--2172
[]\EU1/Georgia(0)/m/sl/10 And the shedding of much blood of the nations that si
nned
 []


Overfull \hbox (0.41637pt too wide) in paragraph at lines 2194--2195
\EU1/Georgia(0)/m/sl/10 beyond all lands, And the city Zion ruled then over all
 land-
 []


Overfull \hbox (3.00635pt too wide) in paragraph at lines 2221--2227
[]$[]$\EU1/Georgia(0)/m/sl/10 And thereupon the Mighty One commanded Ramiel His

 []

[27]
Overfull \hbox (0.48563pt too wide) in paragraph at lines 2253--2254
$[]$[]\EU1/Georgia(0)/m/sl/10 'And the black eleventh waters which you have see
n:
 []


Overfull \hbox (3.4017pt too wide) in paragraph at lines 2266--2267
[]\EU1/Georgia(0)/m/sl/10 And she has been reduced to servitude who reduced (ot
h-
 []


Overfull \hbox (4.79836pt too wide) in paragraph at lines 2293--2294
[]$[]$\EU1/Georgia(0)/m/sl/10 But the king of Babylon will arise who has now de
stroyed
 []


Overfull \hbox (3.05307pt too wide) in paragraph at lines 2313--2318
\EU1/Georgia(0)/m/sl/10 made division from the beginning, because He alone know
s
 []

[28]
Overfull \hbox (2.3488pt too wide) in paragraph at lines 2359--2360
[]$[]$\EU1/Georgia(0)/m/sl/10 And when those things which were predicted have c
ome
 []


Overfull \hbox (2.79857pt too wide) in paragraph at lines 2368--2369
[]$[]$\EU1/Georgia(0)/m/sl/10 And some of them shall be destroyed by their own.
 Then
 []


Overfull \hbox (8.22536pt too wide) in paragraph at lines 2441--2442
$[]$[]\EU1/Georgia(0)/m/sl/10 'And it shall come to pass in those days that the
 reaper-
 []

[29]
Overfull \hbox (37.98167pt too wide) in paragraph at lines 2579--2581
\EU1/Georgia(0)/m/sl/10 which we do not remember He in His mercy knows. $[]$Nev
ertheless,
 []

[30]
Overfull \hbox (7.0049pt too wide) in paragraph at lines 2631--2632
\EU1/Georgia(0)/m/sl/10 which were across the river Euphrates, in which these t
hings
 []


Overfull \hbox (2.0993pt too wide) in paragraph at lines 2647--2654
\EU1/Georgia(0)/m/sl/10 they bound and led away to Babylon, and have caused the
m
 []


Overfull \hbox (1.16269pt too wide) in paragraph at lines 2656--2658
\EU1/Georgia(0)/m/sl/10 was mourning regarding Zion, and I prayed for mer-
 []

[31]
Overfull \hbox (0.50392pt too wide) in paragraph at lines 2736--2737
[]$[]$\EU1/Georgia(0)/m/sl/10 And He will assuredly judge those who are in His 
world, 
 []


Overfull \hbox (1.08334pt too wide) in paragraph at lines 2795--2796
[]$[]$\EU1/Georgia(0)/m/sl/10 And every love of lying is turning to contumely t
hrough
 []


Overfull \hbox (7.77364pt too wide) in paragraph at lines 2801--2812
$[]$[]\EU1/Georgia(0)/m/sl/10 Behold! I have therefore made known unto you (the
se
 []

[32]) [33

] [34

]
No file PBC/license-page.tex.
*geometry* verbose mode - [ newgeometry ] result:
* driver: pdftex
* paper: <default>
* layout: <same size as paper>
* layoutoffset:(h,v)=(0.0pt,0.0pt)
* hratio: 1:1
* vratio: 1:1
* modes: twoside 
* h-part:(L,W,R)=(162.6075pt, 289.07999pt, 162.60751pt)
* v-part:(T,H,B)=(119.2467pt, 556.47656pt, 119.24672pt)
* \paperwidth=614.295pt
* \paperheight=794.96999pt
* \textwidth=289.07999pt
* \textheight=556.47656pt
* \oddsidemargin=90.33751pt
* \evensidemargin=90.33752pt
* \topmargin=16.90923pt
* \headheight=12.0pt
* \headsep=18.06749pt
* \topskip=10.0pt
* \footskip=25.29494pt
* \marginparwidth=128.0pt
* \marginparsep=7.0pt
* \columnsep=10.0pt
* \skip\footins=12.0pt plus 4.0pt minus 4.0pt
* \hoffset=0.0pt
* \voffset=0.0pt
* \mag=1000
* \@twocolumnfalse
* \@twosidetrue
* \@mparswitchtrue
* \@reversemarginfalse
* (1in=72.27pt=25.4mm, 1cm=28.453pt)

[35






]
Package atveryend Info: Empty hook `BeforeClearDocument' on input line 95.
Package atveryend Info: Empty hook `AfterLastShipout' on input line 95.
 (E:\3.Workspace\Latex\外经\巴录二书\2B\bible.aux
(E:\3.Workspace\Latex\外经\巴录二书\2B\PBC/license-page.aux))
Package atveryend Info: Empty hook `AtVeryEndDocument' on input line 95.
Package atveryend Info: Empty hook `AtEndAfterFileList' on input line 95.


LaTeX Font Warning: Some font shapes were not available, defaults substituted.

 ) 
Here is how much of TeX's memory you used:
 24009 strings out of 430478
 439167 string characters out of 3191503
 562113 words of memory out of 3000000
 26902 multiletter control sequences out of 15000+200000
 6082 words of font info for 61 fonts, out of 3000000 for 9000
 18 hyphenation exceptions out of 8191
 46i,12n,45p,820b,390s stack positions out of 5000i,500n,10000p,200000b,50000s

Output written on bible.pdf (35 pages).
